<?xml version="1.0" encoding="UTF-8"?>
<!-- Generated by org.testng.reporters.JUnitReportReporter -->
<testsuite skipped="0" hostname="sys" name="restassuredtraining.GetValidatingJsonResponse" tests="1" failures="0" timestamp="20 May 2020 18:24:45 GMT" time="3.224" errors="0">
  <testcase name="getweatherdetails" time="3.224" classname="restassuredtraining.GetValidatingJsonResponse"/>
</testsuite> <!-- restassuredtraining.GetValidatingJsonResponse -->
