<?xml version="1.0" encoding="UTF-8"?>
<!-- Generated by org.testng.reporters.JUnitReportReporter -->
<testsuite skipped="0" hostname="sys" name="restassuredtraining.GetRequest_allheaders" tests="1" failures="0" timestamp="20 May 2020 17:33:51 GMT" time="19.158" errors="0">
  <testcase name="getweatherdeatails" time="19.158" classname="restassuredtraining.GetRequest_allheaders"/>
</testsuite> <!-- restassuredtraining.GetRequest_allheaders -->
