<?xml version="1.0" encoding="UTF-8"?>
<!-- Generated by org.testng.reporters.JUnitReportReporter -->
<testsuite skipped="0" hostname="sys" name="restassuredtraining.GetWeatherDetailsJason" tests="1" failures="0" timestamp="20 May 2020 18:38:32 GMT" time="4.667" errors="0">
  <testcase name="getweatherdetails" time="4.667" classname="restassuredtraining.GetWeatherDetailsJason"/>
</testsuite> <!-- restassuredtraining.GetWeatherDetailsJason -->
