<?xml version="1.0" encoding="UTF-8"?>
<!-- Generated by org.testng.reporters.JUnitReportReporter -->
<testsuite skipped="0" hostname="sys" name="restassuredtraining.GetRequest_authorizationtest" tests="1" failures="0" timestamp="09 Jun 2020 23:42:31 GMT" time="0.356" errors="0">
  <testcase name="getweatherdeatails" time="0.356" classname="restassuredtraining.GetRequest_authorizationtest"/>
</testsuite> <!-- restassuredtraining.GetRequest_authorizationtest -->
