<?xml version="1.0" encoding="UTF-8"?>
<!-- Generated by org.testng.reporters.JUnitReportReporter -->
<testsuite skipped="0" hostname="sys" name="restassuredtraining.QuearyParameter" tests="1" failures="0" timestamp="09 Jun 2020 23:42:31 GMT" time="1.262" errors="0">
  <testcase name="queryParameter" time="1.262" classname="restassuredtraining.QuearyParameter"/>
</testsuite> <!-- restassuredtraining.QuearyParameter -->
