<?xml version="1.0" encoding="UTF-8"?>
<!-- Generated by org.testng.reporters.JUnitReportReporter -->
<testsuite skipped="0" hostname="sys" name="restassuredtraining.GetRequest" tests="1" failures="0" timestamp="20 May 2020 17:27:36 GMT" time="4.432" errors="0">
  <testcase name="getweatherdeatails" time="4.432" classname="restassuredtraining.GetRequest"/>
</testsuite> <!-- restassuredtraining.GetRequest -->
