<?xml version="1.0" encoding="UTF-8"?>
<!-- Generated by org.testng.reporters.JUnitReportReporter -->
<testsuite skipped="0" hostname="sys" name="restassuredtraining.QuearyParameter" tests="1" failures="0" timestamp="20 May 2020 19:22:11 GMT" time="3.031" errors="0">
  <testcase name="queryParameter" time="3.031" classname="restassuredtraining.QuearyParameter"/>
</testsuite> <!-- restassuredtraining.QuearyParameter -->
