<?xml version="1.0" encoding="UTF-8"?>
<!-- Generated by org.testng.reporters.JUnitReportReporter -->
<testsuite skipped="0" hostname="sys" name="restassuredtraining.GetValidatingJsonResponse" tests="1" failures="0" timestamp="09 Jun 2020 23:42:31 GMT" time="3.089" errors="0">
  <testcase name="getweatherdetails" time="3.089" classname="restassuredtraining.GetValidatingJsonResponse"/>
</testsuite> <!-- restassuredtraining.GetValidatingJsonResponse -->
